<?xml version="1.0" encoding="UTF-8"?>
<!-- Generated by org.testng.reporters.JUnitXMLReporter -->
<testsuite hostname="DESKTOP-F4CISCT" name="Default test(failed)" tests="8" failures="0" timestamp="14 Apr 2016 12:15:16 GMT" time="0.035" errors="0">
  <testcase name="testGetTribonacciIterativeReturnsTwentyFithElementWhichIs_755476" time="0.012" classname="org.gradle.TribonacciTest"/>
  <testcase name="testGetTribonacciRecursiveReturnsTenthElementWhichIs_81" time="0.001" classname="org.gradle.TribonacciTest"/>
  <testcase name="testGetTribonacciRecursiveReturnsFithElementWhichIs_2" time="0.001" classname="org.gradle.TribonacciTest"/>
  <testcase name="testGetTribonacciIterativeReturnsFourthElementWhichIs_1" time="0.001" classname="org.gradle.TribonacciTest"/>
  <testcase name="testGetTribonacciRecursiveReturnsTwentyFithElementWhichIs_755476" time="0.0" classname="org.gradle.TribonacciTest"/>
  <testcase name="testGetTribonacciIterativeReturnsFithElementWhichIs_2" time="0.001" classname="org.gradle.TribonacciTest"/>
  <testcase name="testGetTribonacciIterativeReturnsTenthElementWhichIs_81" time="0.001" classname="org.gradle.TribonacciTest"/>
  <testcase name="testGetTribonacciRecursiveReturnsFourthElementWhichIs_1" time="0.001" classname="org.gradle.TribonacciTest"/>
</testsuite> <!-- Default test(failed) -->
