<?xml version="1.0" encoding="UTF-8"?>
<!-- Generated by org.testng.reporters.JUnitXMLReporter -->
<testsuite hostname="DESKTOP-F4CISCT" name="Default test" tests="12" failures="0" timestamp="18 Apr 2016 10:40:58 GMT" time="0.221" errors="0">
  <testcase name="testEqualsAndHashCode" time="0.147" classname="models.EmployeeTest"/>
  <testcase name="testGetAge" time="0.007" classname="models.EmployeeTest"/>
  <testcase name="testGetJobStartDate" time="0.001" classname="models.EmployeeTest"/>
  <testcase name="testGetJobTitle" time="0.001" classname="models.EmployeeTest"/>
  <testcase name="testGetName" time="0.001" classname="models.EmployeeTest"/>
  <testcase name="testFileReadCSVReturnsMap" time="0.002" classname="implementation.FileReadAndCompareTest"/>
  <testcase name="testFileReadCompareFilesCSVDifferent" time="0.007" classname="implementation.FileReadAndCompareTest"/>
  <testcase name="testFileReadCompareFilesNoDifferences" time="0.002" classname="implementation.FileReadAndCompareTest"/>
  <testcase name="testFileReadCompareFilesPIPEDifferent" time="0.001" classname="implementation.FileReadAndCompareTest"/>
  <testcase name="testFileReadPIPEReturnsMap" time="0.001" classname="implementation.FileReadAndCompareTest"/>
  <testcase name="testGetFileAsMapNullFile" time="0.001" classname="implementation.FileReadAndCompareTest"/>
  <testcase name="testGetFileAsMapThrowsIOException" time="0.0" classname="implementation.FileReadAndCompareTest"/>
</testsuite> <!-- Default test -->
