<?xml version="1.0" encoding="UTF-8"?>
<!-- Generated by org.testng.reporters.JUnitXMLReporter -->
<testsuite hostname="DESKTOP-F4CISCT" name="Default test" tests="15" failures="0" timestamp="18 Apr 2016 10:41:17 GMT" time="1.134" errors="0">
  <testcase name="testGetTribonacciIterativeReturnsFirstElementWhichIs_0" time="0.024" classname="org.gradle.TribonacciTest"/>
  <testcase name="testGetTribonacciIterativeReturnsFithElementWhichIs_2" time="0.001" classname="org.gradle.TribonacciTest"/>
  <testcase name="testGetTribonacciIterativeReturnsFourthElementWhichIs_1" time="0.001" classname="org.gradle.TribonacciTest"/>
  <testcase name="testGetTribonacciIterativeReturnsSecondElementWhichIs_0" time="0.001" classname="org.gradle.TribonacciTest"/>
  <testcase name="testGetTribonacciIterativeReturnsTenthElementWhichIs_81" time="0.001" classname="org.gradle.TribonacciTest"/>
  <testcase name="testGetTribonacciIterativeReturnsThirdElementWhichIs_1" time="0.001" classname="org.gradle.TribonacciTest"/>
  <testcase name="testGetTribonacciIterativeReturnsTwentyFithElementWhichIs_755476" time="0.001" classname="org.gradle.TribonacciTest"/>
  <testcase name="testGetTribonacciRecursiveReturnsFirstElementWhichIs_0" time="0.001" classname="org.gradle.TribonacciTest"/>
  <testcase name="testGetTribonacciRecursiveReturnsFithElementWhichIs_2" time="0.002" classname="org.gradle.TribonacciTest"/>
  <testcase name="testGetTribonacciRecursiveReturnsFourthElementWhichIs_1" time="0.001" classname="org.gradle.TribonacciTest"/>
  <testcase name="testGetTribonacciRecursiveReturnsSecondElementWhichIs_0" time="0.001" classname="org.gradle.TribonacciTest"/>
  <testcase name="testGetTribonacciRecursiveReturnsTenthElementWhichIs_81" time="0.001" classname="org.gradle.TribonacciTest"/>
  <testcase name="testGetTribonacciRecursiveReturnsThirdElementWhichIs_1" time="0.0" classname="org.gradle.TribonacciTest"/>
  <testcase name="testGetTribonacciRecursiveReturnsTwentyFithElementWhichIs_755476" time="0.001" classname="org.gradle.TribonacciTest"/>
  <testcase name="testThreaded" time="1.056" classname="org.gradle.ThreadedTribonacciTest"/>
</testsuite> <!-- Default test -->
